<?xml version="1.0" encoding="UTF-8"?>
<!-- Generated by org.testng.reporters.JUnitReportReporter -->
<testsuite hostname="DESKTOP-SKFP6VU" failures="0" tests="1" name="testcases.LoginTest" time="7.974" errors="0" timestamp="2024-01-10T15:54:22 IST" skipped="0">
  <testcase classname="testcases.LoginTest" name="rememberMeEnable" time="7.974"/>
</testsuite> <!-- testcases.LoginTest -->
