<?xml version="1.0" encoding="UTF-8"?>
<!-- Generated by org.testng.reporters.JUnitReportReporter -->
<testsuite hostname="DESKTOP-SKFP6VU" failures="0" tests="1" name="testcases.RegistrationTest" time="0.044" errors="0" timestamp="2024-01-10T17:05:01 IST" skipped="0">
  <testcase classname="testcases.RegistrationTest" name="signupButtonEnable" time="0.044"/>
</testsuite> <!-- testcases.RegistrationTest -->
